<?xml version="1.0" encoding="UTF-8"?>
<testng-results ignored="0" total="4" passed="4" failed="0" skipped="0">
  <reporter-output>
  </reporter-output>
  <suite started-at="2023-12-13T16:20:22 IST" name="Default suite" finished-at="2023-12-13T16:22:16 IST" duration-ms="114077">
    <groups>
      <group name="cucumber">
        <method signature="AbstractTestNGCucumberTests.runScenario(io.cucumber.testng.PickleWrapper, io.cucumber.testng.FeatureWrapper)[pri:0, instance:test.Runner@3e11f9e9]" name="runScenario" class="io.cucumber.testng.AbstractTestNGCucumberTests"/>
      </group> <!-- cucumber -->
    </groups>
    <test started-at="2023-12-13T16:20:22 IST" name="Default test" finished-at="2023-12-13T16:22:16 IST" duration-ms="114077">
      <class name="test.Runner">
        <test-method is-config="true" signature="setUpClass(org.testng.ITestContext)[pri:0, instance:test.Runner@3e11f9e9]" started-at="2023-12-13T16:20:23 IST" name="setUpClass" finished-at="2023-12-13T16:20:24 IST" duration-ms="1076" status="PASS">
          <params>
            <param index="0">
              <value>
                <![CDATA[org.testng.TestRunner@4fb64a52]]>
              </value>
            </param>
          </params>
          <reporter-output>
          </reporter-output>
        </test-method> <!-- setUpClass -->
        <test-method signature="runScenario(io.cucumber.testng.PickleWrapper, io.cucumber.testng.FeatureWrapper)[pri:0, instance:test.Runner@3e11f9e9]" started-at="2023-12-13T16:20:24 IST" name="runScenario" description="Runs Cucumber Scenarios" data-provider="scenarios" finished-at="2023-12-13T16:20:51 IST" duration-ms="27428" status="PASS">
          <params>
            <param index="0">
              <value>
                <![CDATA["Verify user is able to login with valid credentials"]]>
              </value>
            </param>
            <param index="1">
              <value>
                <![CDATA["Login functionality"]]>
              </value>
            </param>
          </params>
          <reporter-output>
          </reporter-output>
        </test-method> <!-- runScenario -->
        <test-method signature="runScenario(io.cucumber.testng.PickleWrapper, io.cucumber.testng.FeatureWrapper)[pri:0, instance:test.Runner@3e11f9e9]" started-at="2023-12-13T16:20:51 IST" name="runScenario" description="Runs Cucumber Scenarios" data-provider="scenarios" finished-at="2023-12-13T16:21:18 IST" duration-ms="26519" status="PASS">
          <params>
            <param index="0">
              <value>
                <![CDATA["Verify user is able to login with valid credentials"]]>
              </value>
            </param>
            <param index="1">
              <value>
                <![CDATA["Login functionality"]]>
              </value>
            </param>
          </params>
          <reporter-output>
          </reporter-output>
        </test-method> <!-- runScenario -->
        <test-method signature="runScenario(io.cucumber.testng.PickleWrapper, io.cucumber.testng.FeatureWrapper)[pri:0, instance:test.Runner@3e11f9e9]" started-at="2023-12-13T16:21:18 IST" name="runScenario" description="Runs Cucumber Scenarios" data-provider="scenarios" finished-at="2023-12-13T16:21:51 IST" duration-ms="32857" status="PASS">
          <params>
            <param index="0">
              <value>
                <![CDATA["Verify user is able to generate QR code and URL"]]>
              </value>
            </param>
            <param index="1">
              <value>
                <![CDATA["Login functionality"]]>
              </value>
            </param>
          </params>
          <reporter-output>
          </reporter-output>
        </test-method> <!-- runScenario -->
        <test-method signature="runScenario(io.cucumber.testng.PickleWrapper, io.cucumber.testng.FeatureWrapper)[pri:0, instance:test.Runner@3e11f9e9]" started-at="2023-12-13T16:21:51 IST" name="runScenario" description="Runs Cucumber Scenarios" data-provider="scenarios" finished-at="2023-12-13T16:22:16 IST" duration-ms="25696" status="PASS">
          <params>
            <param index="0">
              <value>
                <![CDATA["Verify data base values"]]>
              </value>
            </param>
            <param index="1">
              <value>
                <![CDATA["Login functionality"]]>
              </value>
            </param>
          </params>
          <reporter-output>
          </reporter-output>
        </test-method> <!-- runScenario -->
        <test-method is-config="true" signature="tearDownClass()[pri:0, instance:test.Runner@3e11f9e9]" started-at="2023-12-13T16:22:16 IST" name="tearDownClass" finished-at="2023-12-13T16:22:16 IST" duration-ms="230" status="PASS">
          <reporter-output>
          </reporter-output>
        </test-method> <!-- tearDownClass -->
      </class> <!-- test.Runner -->
    </test> <!-- Default test -->
  </suite> <!-- Default suite -->
</testng-results>
